Sep 10, 2014 10:19:52 AM org.apache.catalina.startup.Catalina stopServer
SEVERE: Catalina.stop: 
java.net.ConnectException: Connection refused: connect
	at java.net.DualStackPlainSocketImpl.connect0(Native Method)
	at java.net.DualStackPlainSocketImpl.socketConnect(DualStackPlainSocketImpl.java:79)
	at java.net.AbstractPlainSocketImpl.doConnect(AbstractPlainSocketImpl.java:339)
	at java.net.AbstractPlainSocketImpl.connectToAddress(AbstractPlainSocketImpl.java:200)
	at java.net.AbstractPlainSocketImpl.connect(AbstractPlainSocketImpl.java:182)
	at java.net.PlainSocketImpl.connect(PlainSocketImpl.java:172)
	at java.net.SocksSocketImpl.connect(SocksSocketImpl.java:392)
	at java.net.Socket.connect(Socket.java:579)
	at java.net.Socket.connect(Socket.java:528)
	at java.net.Socket.<init>(Socket.java:425)
	at java.net.Socket.<init>(Socket.java:208)
	at org.apache.catalina.startup.Catalina.stopServer(Catalina.java:422)
	at sun.reflect.NativeMethodAccessorImpl.invoke0(Native Method)
	at sun.reflect.NativeMethodAccessorImpl.invoke(NativeMethodAccessorImpl.java:57)
	at sun.reflect.DelegatingMethodAccessorImpl.invoke(DelegatingMethodAccessorImpl.java:43)
	at java.lang.reflect.Method.invoke(Method.java:606)
	at org.apache.catalina.startup.Bootstrap.stopServer(Bootstrap.java:338)
	at org.apache.catalina.startup.Bootstrap.main(Bootstrap.java:416)

Sep 10, 2014 10:23:04 AM org.apache.catalina.core.AprLifecycleListener init
INFO: The APR based Apache Tomcat Native library which allows optimal performance in production environments was not found on the java.library.path: C:\Program Files\Java\jdk1.7.0_60\bin;C:\Windows\Sun\Java\bin;C:\Windows\system32;C:\Windows;C:\Windows\system32;C:\Windows;C:\Windows\System32\Wbem;C:\Windows\System32\WindowsPowerShell\v1.0\;C:\Program Files\Java\jdk1.7.0_60\bin;D:\grails-1.3.4\bin;C:\Program Files\PostgreSQL\9.3\bin;C:\Program Files (x86)\Git\bin;C:\Program Files (x86)\IDM Computer Solutions\UltraEdit\;.
Sep 10, 2014 10:23:05 AM org.apache.coyote.http11.Http11Protocol init
INFO: Initializing Coyote HTTP/1.1 on http-8080
Sep 10, 2014 10:23:05 AM org.apache.catalina.startup.Catalina load
INFO: Initialization processed in 554 ms
Sep 10, 2014 10:23:05 AM org.apache.catalina.core.StandardService start
INFO: Starting service Catalina
Sep 10, 2014 10:23:05 AM org.apache.catalina.core.StandardEngine start
INFO: Starting Servlet Engine: Apache Tomcat/6.0.32
Sep 10, 2014 10:23:05 AM org.apache.catalina.startup.HostConfig deployDescriptor
INFO: Deploying configuration descriptor host-manager.xml
Sep 10, 2014 10:23:05 AM org.apache.catalina.startup.HostConfig deployDescriptor
INFO: Deploying configuration descriptor manager.xml
Sep 10, 2014 10:23:05 AM org.apache.catalina.startup.HostConfig deployWAR
INFO: Deploying web application archive drools-guvnor.war
Sep 10, 2014 10:23:10 AM org.apache.catalina.startup.HostConfig deployWAR
INFO: Deploying web application archive nbilling.war
Sep 10, 2014 10:23:39 AM org.apache.catalina.loader.WebappClassLoader validateJarFile
INFO: validateJarFile(D:\jbilling-community-3.0.2\webapps\nbilling\WEB-INF\lib\geronimo-servlet_2.5_spec-1.2.jar) - jar not loaded. See Servlet Spec 2.3, section 9.7.2. Offending class: javax/servlet/Servlet.class
Sep 10, 2014 10:23:39 AM org.apache.catalina.loader.WebappClassLoader validateJarFile
INFO: validateJarFile(D:\jbilling-community-3.0.2\webapps\nbilling\WEB-INF\lib\servlet-api-2.3.jar) - jar not loaded. See Servlet Spec 2.3, section 9.7.2. Offending class: javax/servlet/Servlet.class
Sep 10, 2014 10:23:39 AM org.apache.catalina.loader.WebappClassLoader validateJarFile
INFO: validateJarFile(D:\jbilling-community-3.0.2\webapps\nbilling\WEB-INF\lib\servlet-api.jar) - jar not loaded. See Servlet Spec 2.3, section 9.7.2. Offending class: javax/servlet/Servlet.class
Sep 10, 2014 10:23:39 AM org.apache.catalina.core.StandardContext addApplicationListener
INFO: The listener "com.sun.faces.util.ReflectionUtils$ReflectionUtilsListener" is already configured for this context. The duplicate definition has been ignored.
Sep 10, 2014 10:23:39 AM org.apache.catalina.core.StandardContext addApplicationListener
INFO: The listener "com.sun.faces.config.ConfigureListener" is already configured for this context. The duplicate definition has been ignored.
Sep 10, 2014 10:23:39 AM org.apache.catalina.core.StandardContext addApplicationListener
INFO: The listener "com.sun.faces.application.WebappLifecycleListener" is already configured for this context. The duplicate definition has been ignored.
Sep 10, 2014 10:23:40 AM org.apache.catalina.session.StandardManager doLoad
SEVERE: IOException while loading persisted sessions: java.io.InvalidClassException: jbilling.BreadcrumbService; local class incompatible: stream classdesc serialVersionUID = 2261390201296270792, local class serialVersionUID = 7779296760333865458
java.io.InvalidClassException: jbilling.BreadcrumbService; local class incompatible: stream classdesc serialVersionUID = 2261390201296270792, local class serialVersionUID = 7779296760333865458
	at java.io.ObjectStreamClass.initNonProxy(ObjectStreamClass.java:617)
	at java.io.ObjectInputStream.readNonProxyDesc(ObjectInputStream.java:1622)
	at java.io.ObjectInputStream.readClassDesc(ObjectInputStream.java:1517)
	at java.io.ObjectInputStream.readNonProxyDesc(ObjectInputStream.java:1622)
	at java.io.ObjectInputStream.readClassDesc(ObjectInputStream.java:1517)
	at java.io.ObjectInputStream.readOrdinaryObject(ObjectInputStream.java:1771)
	at java.io.ObjectInputStream.readObject0(ObjectInputStream.java:1350)
	at java.io.ObjectInputStream.defaultReadFields(ObjectInputStream.java:1990)
	at java.io.ObjectInputStream.readSerialData(ObjectInputStream.java:1915)
	at java.io.ObjectInputStream.readOrdinaryObject(ObjectInputStream.java:1798)
	at java.io.ObjectInputStream.readObject0(ObjectInputStream.java:1350)
	at java.io.ObjectInputStream.readObject(ObjectInputStream.java:370)
	at org.apache.catalina.session.StandardSession.readObject(StandardSession.java:1485)
	at org.apache.catalina.session.StandardSession.readObjectData(StandardSession.java:987)
	at org.apache.catalina.session.StandardManager.doLoad(StandardManager.java:394)
	at org.apache.catalina.session.StandardManager.load(StandardManager.java:321)
	at org.apache.catalina.session.StandardManager.start(StandardManager.java:648)
	at org.apache.catalina.core.ContainerBase.setManager(ContainerBase.java:446)
	at org.apache.catalina.core.StandardContext.start(StandardContext.java:4630)
	at org.apache.catalina.core.ContainerBase.addChildInternal(ContainerBase.java:799)
	at org.apache.catalina.core.ContainerBase.addChild(ContainerBase.java:779)
	at org.apache.catalina.core.StandardHost.addChild(StandardHost.java:601)
	at org.apache.catalina.startup.HostConfig.deployWAR(HostConfig.java:943)
	at org.apache.catalina.startup.HostConfig.deployWARs(HostConfig.java:778)
	at org.apache.catalina.startup.HostConfig.deployApps(HostConfig.java:504)
	at org.apache.catalina.startup.HostConfig.start(HostConfig.java:1315)
	at org.apache.catalina.startup.HostConfig.lifecycleEvent(HostConfig.java:324)
	at org.apache.catalina.util.LifecycleSupport.fireLifecycleEvent(LifecycleSupport.java:142)
	at org.apache.catalina.core.ContainerBase.start(ContainerBase.java:1061)
	at org.apache.catalina.core.StandardHost.start(StandardHost.java:840)
	at org.apache.catalina.core.ContainerBase.start(ContainerBase.java:1053)
	at org.apache.catalina.core.StandardEngine.start(StandardEngine.java:463)
	at org.apache.catalina.core.StandardService.start(StandardService.java:525)
	at org.apache.catalina.core.StandardServer.start(StandardServer.java:754)
	at org.apache.catalina.startup.Catalina.start(Catalina.java:595)
	at sun.reflect.NativeMethodAccessorImpl.invoke0(Native Method)
	at sun.reflect.NativeMethodAccessorImpl.invoke(NativeMethodAccessorImpl.java:57)
	at sun.reflect.DelegatingMethodAccessorImpl.invoke(DelegatingMethodAccessorImpl.java:43)
	at java.lang.reflect.Method.invoke(Method.java:606)
	at org.apache.catalina.startup.Bootstrap.start(Bootstrap.java:289)
	at org.apache.catalina.startup.Bootstrap.main(Bootstrap.java:414)

Sep 10, 2014 10:23:40 AM org.apache.catalina.session.StandardManager start
SEVERE: Exception loading sessions from persistent storage
java.io.InvalidClassException: jbilling.BreadcrumbService; local class incompatible: stream classdesc serialVersionUID = 2261390201296270792, local class serialVersionUID = 7779296760333865458
	at java.io.ObjectStreamClass.initNonProxy(ObjectStreamClass.java:617)
	at java.io.ObjectInputStream.readNonProxyDesc(ObjectInputStream.java:1622)
	at java.io.ObjectInputStream.readClassDesc(ObjectInputStream.java:1517)
	at java.io.ObjectInputStream.readNonProxyDesc(ObjectInputStream.java:1622)
	at java.io.ObjectInputStream.readClassDesc(ObjectInputStream.java:1517)
	at java.io.ObjectInputStream.readOrdinaryObject(ObjectInputStream.java:1771)
	at java.io.ObjectInputStream.readObject0(ObjectInputStream.java:1350)
	at java.io.ObjectInputStream.defaultReadFields(ObjectInputStream.java:1990)
	at java.io.ObjectInputStream.readSerialData(ObjectInputStream.java:1915)
	at java.io.ObjectInputStream.readOrdinaryObject(ObjectInputStream.java:1798)
	at java.io.ObjectInputStream.readObject0(ObjectInputStream.java:1350)
	at java.io.ObjectInputStream.readObject(ObjectInputStream.java:370)
	at org.apache.catalina.session.StandardSession.readObject(StandardSession.java:1485)
	at org.apache.catalina.session.StandardSession.readObjectData(StandardSession.java:987)
	at org.apache.catalina.session.StandardManager.doLoad(StandardManager.java:394)
	at org.apache.catalina.session.StandardManager.load(StandardManager.java:321)
	at org.apache.catalina.session.StandardManager.start(StandardManager.java:648)
	at org.apache.catalina.core.ContainerBase.setManager(ContainerBase.java:446)
	at org.apache.catalina.core.StandardContext.start(StandardContext.java:4630)
	at org.apache.catalina.core.ContainerBase.addChildInternal(ContainerBase.java:799)
	at org.apache.catalina.core.ContainerBase.addChild(ContainerBase.java:779)
	at org.apache.catalina.core.StandardHost.addChild(StandardHost.java:601)
	at org.apache.catalina.startup.HostConfig.deployWAR(HostConfig.java:943)
	at org.apache.catalina.startup.HostConfig.deployWARs(HostConfig.java:778)
	at org.apache.catalina.startup.HostConfig.deployApps(HostConfig.java:504)
	at org.apache.catalina.startup.HostConfig.start(HostConfig.java:1315)
	at org.apache.catalina.startup.HostConfig.lifecycleEvent(HostConfig.java:324)
	at org.apache.catalina.util.LifecycleSupport.fireLifecycleEvent(LifecycleSupport.java:142)
	at org.apache.catalina.core.ContainerBase.start(ContainerBase.java:1061)
	at org.apache.catalina.core.StandardHost.start(StandardHost.java:840)
	at org.apache.catalina.core.ContainerBase.start(ContainerBase.java:1053)
	at org.apache.catalina.core.StandardEngine.start(StandardEngine.java:463)
	at org.apache.catalina.core.StandardService.start(StandardService.java:525)
	at org.apache.catalina.core.StandardServer.start(StandardServer.java:754)
	at org.apache.catalina.startup.Catalina.start(Catalina.java:595)
	at sun.reflect.NativeMethodAccessorImpl.invoke0(Native Method)
	at sun.reflect.NativeMethodAccessorImpl.invoke(NativeMethodAccessorImpl.java:57)
	at sun.reflect.DelegatingMethodAccessorImpl.invoke(DelegatingMethodAccessorImpl.java:43)
	at java.lang.reflect.Method.invoke(Method.java:606)
	at org.apache.catalina.startup.Bootstrap.start(Bootstrap.java:289)
	at org.apache.catalina.startup.Bootstrap.main(Bootstrap.java:414)

Sep 10, 2014 10:24:01 AM org.apache.catalina.startup.HostConfig deployDirectory
INFO: Deploying web application directory ROOT
Sep 10, 2014 10:24:01 AM org.apache.coyote.http11.Http11Protocol start
INFO: Starting Coyote HTTP/1.1 on http-8080
Sep 10, 2014 10:24:01 AM org.apache.jk.common.ChannelSocket init
INFO: JK: ajp13 listening on /0.0.0.0:8009
Sep 10, 2014 10:24:01 AM org.apache.jk.server.JkMain start
INFO: Jk running ID=0 time=0/22  config=null
Sep 10, 2014 10:24:01 AM org.apache.catalina.startup.Catalina start
INFO: Server startup in 56583 ms
Sep 10, 2014 11:01:57 AM org.apache.coyote.http11.Http11Protocol pause
INFO: Pausing Coyote HTTP/1.1 on http-8080
Sep 10, 2014 11:01:58 AM org.apache.catalina.core.StandardService stop
INFO: Stopping service Catalina
Sep 10, 2014 11:01:59 AM org.apache.catalina.loader.WebappClassLoader clearReferencesJdbc
SEVERE: The web application [/drools-guvnor] registered the JDBC driver [org.apache.derby.jdbc.AutoloadedDriver] but failed to unregister it when the web application was stopped. To prevent a memory leak, the JDBC Driver has been forcibly unregistered.
Sep 10, 2014 11:01:59 AM org.apache.catalina.loader.WebappClassLoader clearReferencesThreads
SEVERE: The web application [/drools-guvnor] appears to have started a thread named [Timer-0] but has failed to stop it. This is very likely to create a memory leak.
Sep 10, 2014 11:01:59 AM org.apache.catalina.loader.WebappClassLoader clearReferencesThreads
SEVERE: The web application [/drools-guvnor] appears to have started a thread named [derby.antiGC] but has failed to stop it. This is very likely to create a memory leak.
Sep 10, 2014 11:01:59 AM org.apache.catalina.loader.WebappClassLoader clearThreadLocalMap
SEVERE: The web application [/drools-guvnor] created a ThreadLocal with key of type [org.apache.jackrabbit.name.NameFormat$1] (value [org.apache.jackrabbit.name.NameFormat$1@1bc68675]) and a value of type [java.util.regex.Matcher] (value [java.util.regex.Matcher[pattern=(([^ /:\[\]*'"|](?:[^/:\[\]*'"|]*[^ /:\[\]*'"|])?):)?([^ /:\[\]*'"|](?:[^/:\[\]*'"|]*[^ /:\[\]*'"|])?) region=0,7 lastmatch=nt:base]]) but failed to remove it when the web application was stopped. This is very likely to create a memory leak.
Sep 10, 2014 11:01:59 AM org.apache.catalina.loader.WebappClassLoader clearThreadLocalMap
SEVERE: The web application [/drools-guvnor] created a ThreadLocal with key of type [java.lang.ThreadLocal] (value [java.lang.ThreadLocal@6a57992]) and a value of type [org.apache.derby.iapi.services.context.ContextManager] (value [org.apache.derby.iapi.services.context.ContextManager@65ee2cc7]) but failed to remove it when the web application was stopped. This is very likely to create a memory leak.
Sep 10, 2014 11:02:03 AM org.apache.catalina.loader.WebappClassLoader clearReferencesJdbc
SEVERE: The web application [/nbilling] registered the JDBC driver [org.postgresql.Driver] but failed to unregister it when the web application was stopped. To prevent a memory leak, the JDBC Driver has been forcibly unregistered.
Sep 10, 2014 11:02:03 AM org.apache.catalina.loader.WebappClassLoader clearReferencesThreads
SEVERE: The web application [/nbilling] appears to have started a thread named [ActiveMQ Scheduler] but has failed to stop it. This is very likely to create a memory leak.
Sep 10, 2014 11:02:03 AM org.apache.catalina.loader.WebappClassLoader clearReferencesThreads
SEVERE: The web application [/nbilling] appears to have started a thread named [Persistence Adaptor Task] but has failed to stop it. This is very likely to create a memory leak.
Sep 10, 2014 11:02:03 AM org.apache.catalina.loader.WebappClassLoader clearReferencesThreads
SEVERE: The web application [/nbilling] appears to have started a thread named [BrokerService] but has failed to stop it. This is very likely to create a memory leak.
Sep 10, 2014 11:02:03 AM org.apache.catalina.loader.WebappClassLoader clearReferencesThreads
SEVERE: The web application [/nbilling] appears to have started a thread named [BrokerService] but has failed to stop it. This is very likely to create a memory leak.
Sep 10, 2014 11:02:03 AM org.apache.catalina.loader.WebappClassLoader clearReferencesThreads
SEVERE: The web application [/nbilling] appears to have started a thread named [VMTransport] but has failed to stop it. This is very likely to create a memory leak.
Sep 10, 2014 11:02:03 AM org.apache.catalina.loader.WebappClassLoader clearReferencesThreads
SEVERE: The web application [/nbilling] appears to have started a thread named [VMTransport] but has failed to stop it. This is very likely to create a memory leak.
Sep 10, 2014 11:02:03 AM org.apache.catalina.loader.WebappClassLoader clearReferencesThreads
SEVERE: The web application [/nbilling] appears to have started a thread named [VMTransport] but has failed to stop it. This is very likely to create a memory leak.
Sep 10, 2014 11:02:03 AM org.apache.catalina.loader.WebappClassLoader clearReferencesThreads
SEVERE: The web application [/nbilling] appears to have started a thread named [ActiveMQ Task] but has failed to stop it. This is very likely to create a memory leak.
Sep 10, 2014 11:02:03 AM org.apache.catalina.loader.WebappClassLoader clearReferencesThreads
SEVERE: The web application [/nbilling] appears to have started a thread named [Timer-3] but has failed to stop it. This is very likely to create a memory leak.
Sep 10, 2014 11:02:03 AM org.apache.catalina.loader.WebappClassLoader clearReferencesThreads
SEVERE: The web application [/nbilling] appears to have started a thread named [com.mchange.v2.async.ThreadPoolAsynchronousRunner$PoolThread-#0] but has failed to stop it. This is very likely to create a memory leak.
Sep 10, 2014 11:02:03 AM org.apache.catalina.loader.WebappClassLoader clearReferencesThreads
SEVERE: The web application [/nbilling] appears to have started a thread named [com.mchange.v2.async.ThreadPoolAsynchronousRunner$PoolThread-#1] but has failed to stop it. This is very likely to create a memory leak.
Sep 10, 2014 11:02:03 AM org.apache.catalina.loader.WebappClassLoader clearReferencesThreads
SEVERE: The web application [/nbilling] appears to have started a thread named [com.mchange.v2.async.ThreadPoolAsynchronousRunner$PoolThread-#2] but has failed to stop it. This is very likely to create a memory leak.
Sep 10, 2014 11:02:03 AM org.apache.catalina.loader.WebappClassLoader clearThreadLocalMap
SEVERE: The web application [/nbilling] created a ThreadLocal with key of type [java.lang.ThreadLocal] (value [java.lang.ThreadLocal@4bf43972]) and a value of type [org.apache.cxf.bus.CXFBusImpl] (value [org.apache.cxf.bus.CXFBusImpl@3f251ea3]) but failed to remove it when the web application was stopped. This is very likely to create a memory leak.
Sep 10, 2014 11:02:03 AM org.apache.catalina.loader.WebappClassLoader clearThreadLocalMap
SEVERE: The web application [/nbilling] created a ThreadLocal with key of type [org.codehaus.groovy.grails.commons.spring.ReloadAwareAutowireCapableBeanFactory$2] (value [org.codehaus.groovy.grails.commons.spring.ReloadAwareAutowireCapableBeanFactory$2@ee79253]) and a value of type [java.lang.Boolean] (value [false]) but failed to remove it when the web application was stopped. This is very likely to create a memory leak.
Sep 10, 2014 11:02:03 AM org.apache.catalina.loader.WebappClassLoader clearThreadLocalMap
SEVERE: The web application [/nbilling] created a ThreadLocal with key of type [org.codehaus.groovy.grails.commons.spring.ReloadAwareAutowireCapableBeanFactory$2] (value [org.codehaus.groovy.grails.commons.spring.ReloadAwareAutowireCapableBeanFactory$2@ee79253]) and a value of type [java.lang.Boolean] (value [false]) but failed to remove it when the web application was stopped. This is very likely to create a memory leak.
Sep 10, 2014 11:02:05 AM org.apache.coyote.http11.Http11Protocol destroy
INFO: Stopping Coyote HTTP/1.1 on http-8080
Sep 10, 2014 11:05:27 AM org.apache.catalina.core.AprLifecycleListener init
INFO: The APR based Apache Tomcat Native library which allows optimal performance in production environments was not found on the java.library.path: C:\Program Files\Java\jdk1.7.0_60\bin;C:\Windows\Sun\Java\bin;C:\Windows\system32;C:\Windows;C:\Windows\system32;C:\Windows;C:\Windows\System32\Wbem;C:\Windows\System32\WindowsPowerShell\v1.0\;C:\Program Files\Java\jdk1.7.0_60\bin;D:\grails-1.3.4\bin;C:\Program Files\PostgreSQL\9.3\bin;C:\Program Files (x86)\Git\bin;C:\Program Files (x86)\IDM Computer Solutions\UltraEdit\;.
Sep 10, 2014 11:05:27 AM org.apache.coyote.http11.Http11Protocol init
INFO: Initializing Coyote HTTP/1.1 on http-8080
Sep 10, 2014 11:05:27 AM org.apache.catalina.startup.Catalina load
INFO: Initialization processed in 544 ms
Sep 10, 2014 11:05:27 AM org.apache.catalina.core.StandardService start
INFO: Starting service Catalina
Sep 10, 2014 11:05:27 AM org.apache.catalina.core.StandardEngine start
INFO: Starting Servlet Engine: Apache Tomcat/6.0.32
Sep 10, 2014 11:05:27 AM org.apache.catalina.startup.HostConfig deployDescriptor
INFO: Deploying configuration descriptor host-manager.xml
Sep 10, 2014 11:05:28 AM org.apache.catalina.startup.HostConfig deployDescriptor
INFO: Deploying configuration descriptor manager.xml
Sep 10, 2014 11:05:28 AM org.apache.catalina.startup.HostConfig deployWAR
INFO: Deploying web application archive drools-guvnor.war
Sep 10, 2014 11:05:35 AM org.apache.catalina.startup.HostConfig deployWAR
INFO: Deploying web application archive nbilling.war
Sep 10, 2014 11:06:06 AM org.apache.catalina.loader.WebappClassLoader validateJarFile
INFO: validateJarFile(D:\jbilling-community-3.0.2\webapps\nbilling\WEB-INF\lib\geronimo-servlet_2.5_spec-1.2.jar) - jar not loaded. See Servlet Spec 2.3, section 9.7.2. Offending class: javax/servlet/Servlet.class
Sep 10, 2014 11:06:06 AM org.apache.catalina.loader.WebappClassLoader validateJarFile
INFO: validateJarFile(D:\jbilling-community-3.0.2\webapps\nbilling\WEB-INF\lib\servlet-api-2.3.jar) - jar not loaded. See Servlet Spec 2.3, section 9.7.2. Offending class: javax/servlet/Servlet.class
Sep 10, 2014 11:06:06 AM org.apache.catalina.loader.WebappClassLoader validateJarFile
INFO: validateJarFile(D:\jbilling-community-3.0.2\webapps\nbilling\WEB-INF\lib\servlet-api.jar) - jar not loaded. See Servlet Spec 2.3, section 9.7.2. Offending class: javax/servlet/Servlet.class
Sep 10, 2014 11:06:06 AM org.apache.catalina.core.StandardContext addApplicationListener
INFO: The listener "com.sun.faces.util.ReflectionUtils$ReflectionUtilsListener" is already configured for this context. The duplicate definition has been ignored.
Sep 10, 2014 11:06:06 AM org.apache.catalina.core.StandardContext addApplicationListener
INFO: The listener "com.sun.faces.config.ConfigureListener" is already configured for this context. The duplicate definition has been ignored.
Sep 10, 2014 11:06:06 AM org.apache.catalina.core.StandardContext addApplicationListener
INFO: The listener "com.sun.faces.application.WebappLifecycleListener" is already configured for this context. The duplicate definition has been ignored.
Sep 10, 2014 11:06:07 AM org.apache.catalina.session.StandardManager doLoad
SEVERE: IOException while loading persisted sessions: java.io.InvalidClassException: jbilling.BreadcrumbService; local class incompatible: stream classdesc serialVersionUID = 7779296760333865458, local class serialVersionUID = -5633826220713301951
java.io.InvalidClassException: jbilling.BreadcrumbService; local class incompatible: stream classdesc serialVersionUID = 7779296760333865458, local class serialVersionUID = -5633826220713301951
	at java.io.ObjectStreamClass.initNonProxy(ObjectStreamClass.java:617)
	at java.io.ObjectInputStream.readNonProxyDesc(ObjectInputStream.java:1622)
	at java.io.ObjectInputStream.readClassDesc(ObjectInputStream.java:1517)
	at java.io.ObjectInputStream.readNonProxyDesc(ObjectInputStream.java:1622)
	at java.io.ObjectInputStream.readClassDesc(ObjectInputStream.java:1517)
	at java.io.ObjectInputStream.readOrdinaryObject(ObjectInputStream.java:1771)
	at java.io.ObjectInputStream.readObject0(ObjectInputStream.java:1350)
	at java.io.ObjectInputStream.defaultReadFields(ObjectInputStream.java:1990)
	at java.io.ObjectInputStream.readSerialData(ObjectInputStream.java:1915)
	at java.io.ObjectInputStream.readOrdinaryObject(ObjectInputStream.java:1798)
	at java.io.ObjectInputStream.readObject0(ObjectInputStream.java:1350)
	at java.io.ObjectInputStream.readObject(ObjectInputStream.java:370)
	at org.apache.catalina.session.StandardSession.readObject(StandardSession.java:1485)
	at org.apache.catalina.session.StandardSession.readObjectData(StandardSession.java:987)
	at org.apache.catalina.session.StandardManager.doLoad(StandardManager.java:394)
	at org.apache.catalina.session.StandardManager.load(StandardManager.java:321)
	at org.apache.catalina.session.StandardManager.start(StandardManager.java:648)
	at org.apache.catalina.core.ContainerBase.setManager(ContainerBase.java:446)
	at org.apache.catalina.core.StandardContext.start(StandardContext.java:4630)
	at org.apache.catalina.core.ContainerBase.addChildInternal(ContainerBase.java:799)
	at org.apache.catalina.core.ContainerBase.addChild(ContainerBase.java:779)
	at org.apache.catalina.core.StandardHost.addChild(StandardHost.java:601)
	at org.apache.catalina.startup.HostConfig.deployWAR(HostConfig.java:943)
	at org.apache.catalina.startup.HostConfig.deployWARs(HostConfig.java:778)
	at org.apache.catalina.startup.HostConfig.deployApps(HostConfig.java:504)
	at org.apache.catalina.startup.HostConfig.start(HostConfig.java:1315)
	at org.apache.catalina.startup.HostConfig.lifecycleEvent(HostConfig.java:324)
	at org.apache.catalina.util.LifecycleSupport.fireLifecycleEvent(LifecycleSupport.java:142)
	at org.apache.catalina.core.ContainerBase.start(ContainerBase.java:1061)
	at org.apache.catalina.core.StandardHost.start(StandardHost.java:840)
	at org.apache.catalina.core.ContainerBase.start(ContainerBase.java:1053)
	at org.apache.catalina.core.StandardEngine.start(StandardEngine.java:463)
	at org.apache.catalina.core.StandardService.start(StandardService.java:525)
	at org.apache.catalina.core.StandardServer.start(StandardServer.java:754)
	at org.apache.catalina.startup.Catalina.start(Catalina.java:595)
	at sun.reflect.NativeMethodAccessorImpl.invoke0(Native Method)
	at sun.reflect.NativeMethodAccessorImpl.invoke(NativeMethodAccessorImpl.java:57)
	at sun.reflect.DelegatingMethodAccessorImpl.invoke(DelegatingMethodAccessorImpl.java:43)
	at java.lang.reflect.Method.invoke(Method.java:606)
	at org.apache.catalina.startup.Bootstrap.start(Bootstrap.java:289)
	at org.apache.catalina.startup.Bootstrap.main(Bootstrap.java:414)

Sep 10, 2014 11:06:07 AM org.apache.catalina.session.StandardManager start
SEVERE: Exception loading sessions from persistent storage
java.io.InvalidClassException: jbilling.BreadcrumbService; local class incompatible: stream classdesc serialVersionUID = 7779296760333865458, local class serialVersionUID = -5633826220713301951
	at java.io.ObjectStreamClass.initNonProxy(ObjectStreamClass.java:617)
	at java.io.ObjectInputStream.readNonProxyDesc(ObjectInputStream.java:1622)
	at java.io.ObjectInputStream.readClassDesc(ObjectInputStream.java:1517)
	at java.io.ObjectInputStream.readNonProxyDesc(ObjectInputStream.java:1622)
	at java.io.ObjectInputStream.readClassDesc(ObjectInputStream.java:1517)
	at java.io.ObjectInputStream.readOrdinaryObject(ObjectInputStream.java:1771)
	at java.io.ObjectInputStream.readObject0(ObjectInputStream.java:1350)
	at java.io.ObjectInputStream.defaultReadFields(ObjectInputStream.java:1990)
	at java.io.ObjectInputStream.readSerialData(ObjectInputStream.java:1915)
	at java.io.ObjectInputStream.readOrdinaryObject(ObjectInputStream.java:1798)
	at java.io.ObjectInputStream.readObject0(ObjectInputStream.java:1350)
	at java.io.ObjectInputStream.readObject(ObjectInputStream.java:370)
	at org.apache.catalina.session.StandardSession.readObject(StandardSession.java:1485)
	at org.apache.catalina.session.StandardSession.readObjectData(StandardSession.java:987)
	at org.apache.catalina.session.StandardManager.doLoad(StandardManager.java:394)
	at org.apache.catalina.session.StandardManager.load(StandardManager.java:321)
	at org.apache.catalina.session.StandardManager.start(StandardManager.java:648)
	at org.apache.catalina.core.ContainerBase.setManager(ContainerBase.java:446)
	at org.apache.catalina.core.StandardContext.start(StandardContext.java:4630)
	at org.apache.catalina.core.ContainerBase.addChildInternal(ContainerBase.java:799)
	at org.apache.catalina.core.ContainerBase.addChild(ContainerBase.java:779)
	at org.apache.catalina.core.StandardHost.addChild(StandardHost.java:601)
	at org.apache.catalina.startup.HostConfig.deployWAR(HostConfig.java:943)
	at org.apache.catalina.startup.HostConfig.deployWARs(HostConfig.java:778)
	at org.apache.catalina.startup.HostConfig.deployApps(HostConfig.java:504)
	at org.apache.catalina.startup.HostConfig.start(HostConfig.java:1315)
	at org.apache.catalina.startup.HostConfig.lifecycleEvent(HostConfig.java:324)
	at org.apache.catalina.util.LifecycleSupport.fireLifecycleEvent(LifecycleSupport.java:142)
	at org.apache.catalina.core.ContainerBase.start(ContainerBase.java:1061)
	at org.apache.catalina.core.StandardHost.start(StandardHost.java:840)
	at org.apache.catalina.core.ContainerBase.start(ContainerBase.java:1053)
	at org.apache.catalina.core.StandardEngine.start(StandardEngine.java:463)
	at org.apache.catalina.core.StandardService.start(StandardService.java:525)
	at org.apache.catalina.core.StandardServer.start(StandardServer.java:754)
	at org.apache.catalina.startup.Catalina.start(Catalina.java:595)
	at sun.reflect.NativeMethodAccessorImpl.invoke0(Native Method)
	at sun.reflect.NativeMethodAccessorImpl.invoke(NativeMethodAccessorImpl.java:57)
	at sun.reflect.DelegatingMethodAccessorImpl.invoke(DelegatingMethodAccessorImpl.java:43)
	at java.lang.reflect.Method.invoke(Method.java:606)
	at org.apache.catalina.startup.Bootstrap.start(Bootstrap.java:289)
	at org.apache.catalina.startup.Bootstrap.main(Bootstrap.java:414)

Sep 10, 2014 11:06:26 AM org.apache.catalina.startup.HostConfig deployDirectory
INFO: Deploying web application directory ROOT
Sep 10, 2014 11:06:26 AM org.apache.coyote.http11.Http11Protocol start
INFO: Starting Coyote HTTP/1.1 on http-8080
Sep 10, 2014 11:06:26 AM org.apache.jk.common.ChannelSocket init
INFO: JK: ajp13 listening on /0.0.0.0:8009
Sep 10, 2014 11:06:26 AM org.apache.jk.server.JkMain start
INFO: Jk running ID=0 time=0/20  config=null
Sep 10, 2014 11:06:26 AM org.apache.catalina.startup.Catalina start
INFO: Server startup in 58917 ms
Sep 10, 2014 11:21:28 AM org.apache.coyote.http11.Http11Protocol pause
INFO: Pausing Coyote HTTP/1.1 on http-8080
Sep 10, 2014 11:21:29 AM org.apache.catalina.core.StandardService stop
INFO: Stopping service Catalina
Sep 10, 2014 11:21:29 AM org.apache.catalina.loader.WebappClassLoader clearReferencesJdbc
SEVERE: The web application [/drools-guvnor] registered the JDBC driver [org.apache.derby.jdbc.AutoloadedDriver] but failed to unregister it when the web application was stopped. To prevent a memory leak, the JDBC Driver has been forcibly unregistered.
Sep 10, 2014 11:21:29 AM org.apache.catalina.loader.WebappClassLoader clearReferencesThreads
SEVERE: The web application [/drools-guvnor] appears to have started a thread named [Timer-0] but has failed to stop it. This is very likely to create a memory leak.
Sep 10, 2014 11:21:29 AM org.apache.catalina.loader.WebappClassLoader clearReferencesThreads
SEVERE: The web application [/drools-guvnor] appears to have started a thread named [derby.antiGC] but has failed to stop it. This is very likely to create a memory leak.
Sep 10, 2014 11:21:29 AM org.apache.catalina.loader.WebappClassLoader clearThreadLocalMap
SEVERE: The web application [/drools-guvnor] created a ThreadLocal with key of type [org.apache.jackrabbit.name.NameFormat$1] (value [org.apache.jackrabbit.name.NameFormat$1@312f5e3f]) and a value of type [java.util.regex.Matcher] (value [java.util.regex.Matcher[pattern=(([^ /:\[\]*'"|](?:[^/:\[\]*'"|]*[^ /:\[\]*'"|])?):)?([^ /:\[\]*'"|](?:[^/:\[\]*'"|]*[^ /:\[\]*'"|])?) region=0,7 lastmatch=nt:base]]) but failed to remove it when the web application was stopped. This is very likely to create a memory leak.
Sep 10, 2014 11:21:29 AM org.apache.catalina.loader.WebappClassLoader clearThreadLocalMap
SEVERE: The web application [/drools-guvnor] created a ThreadLocal with key of type [java.lang.ThreadLocal] (value [java.lang.ThreadLocal@1cd49353]) and a value of type [org.apache.derby.iapi.services.context.ContextManager] (value [org.apache.derby.iapi.services.context.ContextManager@4097e5d4]) but failed to remove it when the web application was stopped. This is very likely to create a memory leak.
Sep 10, 2014 11:21:32 AM org.apache.catalina.loader.WebappClassLoader clearReferencesJdbc
SEVERE: The web application [/nbilling] registered the JDBC driver [org.postgresql.Driver] but failed to unregister it when the web application was stopped. To prevent a memory leak, the JDBC Driver has been forcibly unregistered.
Sep 10, 2014 11:21:32 AM org.apache.catalina.loader.WebappClassLoader clearReferencesThreads
SEVERE: The web application [/nbilling] appears to have started a thread named [ActiveMQ Scheduler] but has failed to stop it. This is very likely to create a memory leak.
Sep 10, 2014 11:21:32 AM org.apache.catalina.loader.WebappClassLoader clearReferencesThreads
SEVERE: The web application [/nbilling] appears to have started a thread named [VMTransport] but has failed to stop it. This is very likely to create a memory leak.
Sep 10, 2014 11:21:32 AM org.apache.catalina.loader.WebappClassLoader clearReferencesThreads
SEVERE: The web application [/nbilling] appears to have started a thread named [BrokerService] but has failed to stop it. This is very likely to create a memory leak.
Sep 10, 2014 11:21:32 AM org.apache.catalina.loader.WebappClassLoader clearReferencesThreads
SEVERE: The web application [/nbilling] appears to have started a thread named [VMTransport] but has failed to stop it. This is very likely to create a memory leak.
Sep 10, 2014 11:21:32 AM org.apache.catalina.loader.WebappClassLoader clearReferencesThreads
SEVERE: The web application [/nbilling] appears to have started a thread named [VMTransport] but has failed to stop it. This is very likely to create a memory leak.
Sep 10, 2014 11:21:32 AM org.apache.catalina.loader.WebappClassLoader clearReferencesThreads
SEVERE: The web application [/nbilling] appears to have started a thread named [ActiveMQ Task] but has failed to stop it. This is very likely to create a memory leak.
Sep 10, 2014 11:21:32 AM org.apache.catalina.loader.WebappClassLoader clearReferencesThreads
SEVERE: The web application [/nbilling] appears to have started a thread named [Persistence Adaptor Task] but has failed to stop it. This is very likely to create a memory leak.
Sep 10, 2014 11:21:32 AM org.apache.catalina.loader.WebappClassLoader clearReferencesThreads
SEVERE: The web application [/nbilling] appears to have started a thread named [Timer-3] but has failed to stop it. This is very likely to create a memory leak.
Sep 10, 2014 11:21:32 AM org.apache.catalina.loader.WebappClassLoader clearReferencesThreads
SEVERE: The web application [/nbilling] appears to have started a thread named [com.mchange.v2.async.ThreadPoolAsynchronousRunner$PoolThread-#0] but has failed to stop it. This is very likely to create a memory leak.
Sep 10, 2014 11:21:32 AM org.apache.catalina.loader.WebappClassLoader clearReferencesThreads
SEVERE: The web application [/nbilling] appears to have started a thread named [com.mchange.v2.async.ThreadPoolAsynchronousRunner$PoolThread-#1] but has failed to stop it. This is very likely to create a memory leak.
Sep 10, 2014 11:21:32 AM org.apache.catalina.loader.WebappClassLoader clearReferencesThreads
SEVERE: The web application [/nbilling] appears to have started a thread named [com.mchange.v2.async.ThreadPoolAsynchronousRunner$PoolThread-#2] but has failed to stop it. This is very likely to create a memory leak.
Sep 10, 2014 11:21:32 AM org.apache.catalina.loader.WebappClassLoader clearThreadLocalMap
SEVERE: The web application [/nbilling] created a ThreadLocal with key of type [java.lang.ThreadLocal] (value [java.lang.ThreadLocal@5a12f90f]) and a value of type [org.apache.cxf.bus.CXFBusImpl] (value [org.apache.cxf.bus.CXFBusImpl@19202991]) but failed to remove it when the web application was stopped. This is very likely to create a memory leak.
Sep 10, 2014 11:21:32 AM org.apache.catalina.loader.WebappClassLoader clearThreadLocalMap
SEVERE: The web application [/nbilling] created a ThreadLocal with key of type [org.codehaus.groovy.grails.commons.spring.ReloadAwareAutowireCapableBeanFactory$2] (value [org.codehaus.groovy.grails.commons.spring.ReloadAwareAutowireCapableBeanFactory$2@139d75fc]) and a value of type [java.lang.Boolean] (value [false]) but failed to remove it when the web application was stopped. This is very likely to create a memory leak.
Sep 10, 2014 11:21:32 AM org.apache.catalina.loader.WebappClassLoader clearThreadLocalMap
SEVERE: The web application [/nbilling] created a ThreadLocal with key of type [org.codehaus.groovy.grails.commons.spring.ReloadAwareAutowireCapableBeanFactory$2] (value [org.codehaus.groovy.grails.commons.spring.ReloadAwareAutowireCapableBeanFactory$2@139d75fc]) and a value of type [java.lang.Boolean] (value [false]) but failed to remove it when the web application was stopped. This is very likely to create a memory leak.
Sep 10, 2014 11:21:32 AM org.apache.catalina.loader.WebappClassLoader clearThreadLocalMap
SEVERE: The web application [/nbilling] created a ThreadLocal with key of type [org.codehaus.groovy.grails.commons.spring.ReloadAwareAutowireCapableBeanFactory$2] (value [org.codehaus.groovy.grails.commons.spring.ReloadAwareAutowireCapableBeanFactory$2@139d75fc]) and a value of type [java.lang.Boolean] (value [false]) but failed to remove it when the web application was stopped. This is very likely to create a memory leak.
Sep 10, 2014 11:21:33 AM org.apache.coyote.http11.Http11Protocol destroy
INFO: Stopping Coyote HTTP/1.1 on http-8080
