2014-09-14 19:56:50,280 604   INFO  [org.codehaus.groovy.grails.plugins.DefaultGrailsPluginManager] (main:) Grails plug-in [logging] with version [1.3.4] loaded successfully
2014-09-14 19:56:50,282 606   INFO  [org.codehaus.groovy.grails.plugins.DefaultGrailsPluginManager] (main:) Grails plug-in [core] with version [1.3.4] loaded successfully
2014-09-14 19:56:50,293 617   INFO  [org.codehaus.groovy.grails.plugins.DefaultGrailsPluginManager] (main:) Grails plug-in [dataSource] with version [1.3.4] loaded successfully
2014-09-14 19:56:50,293 617   INFO  [org.codehaus.groovy.grails.plugins.DefaultGrailsPluginManager] (main:) Grails plug-in [filters] with version [1.3.4] loaded successfully
2014-09-14 19:56:50,293 617   INFO  [org.codehaus.groovy.grails.plugins.DefaultGrailsPluginManager] (main:) Grails plug-in [urlMappings] with version [1.3.4] loaded successfully
2014-09-14 19:56:50,293 617   INFO  [org.codehaus.groovy.grails.plugins.DefaultGrailsPluginManager] (main:) Grails plug-in [codecs] with version [1.3.4] loaded successfully
2014-09-14 19:56:50,294 618   INFO  [org.codehaus.groovy.grails.plugins.DefaultGrailsPluginManager] (main:) Grails plug-in [i18n] with version [1.3.4] loaded successfully
2014-09-14 19:56:50,327 651   INFO  [org.codehaus.groovy.grails.plugins.DefaultGrailsPluginManager] (main:) Grails plug-in [remotePagination] with version [0.2.4] loaded successfully
2014-09-14 19:56:50,327 651   INFO  [org.codehaus.groovy.grails.plugins.DefaultGrailsPluginManager] (main:) Grails plug-in [jquery] with version [1.4.4.1] loaded successfully
2014-09-14 19:56:50,329 653   INFO  [org.codehaus.groovy.grails.plugins.DefaultGrailsPluginManager] (main:) Grails plug-in [jqueryUi] with version [1.8.7] loaded successfully
2014-09-14 19:56:50,329 653   INFO  [org.codehaus.groovy.grails.plugins.DefaultGrailsPluginManager] (main:) Grails plug-in [include] with version [0.3] loaded successfully
2014-09-14 19:56:50,329 653   INFO  [org.codehaus.groovy.grails.plugins.DefaultGrailsPluginManager] (main:) Grails plug-in [log4jXml] with version [0.2] loaded successfully
2014-09-14 19:56:50,329 653   INFO  [org.codehaus.groovy.grails.plugins.DefaultGrailsPluginManager] (main:) Grails plug-in [cookie] with version [0.2] loaded successfully
2014-09-14 19:56:50,329 653   INFO  [org.codehaus.groovy.grails.plugins.DefaultGrailsPluginManager] (main:) Grails plug-in [remoting] with version [1.1] loaded successfully
2014-09-14 19:56:50,329 653   INFO  [org.codehaus.groovy.grails.plugins.DefaultGrailsPluginManager] (main:) Grails plug-in [tomcat] with version [1.3.6] loaded successfully
2014-09-14 19:56:50,330 654   INFO  [org.codehaus.groovy.grails.plugins.DefaultGrailsPluginManager] (main:) Grails plug-in [servlets] with version [1.3.4] loaded successfully
2014-09-14 19:56:50,330 654   INFO  [org.codehaus.groovy.grails.plugins.DefaultGrailsPluginManager] (main:) Grails plug-in [controllers] with version [1.3.4] loaded successfully
2014-09-14 19:56:50,331 655   INFO  [org.codehaus.groovy.grails.plugins.DefaultGrailsPluginManager] (main:) Grails plug-in [groovyPages] with version [1.3.4] loaded successfully
2014-09-14 19:56:50,331 655   INFO  [org.codehaus.groovy.grails.plugins.DefaultGrailsPluginManager] (main:) Grails plug-in [scaffolding] with version [1.3.4] loaded successfully
2014-09-14 19:56:50,332 656   INFO  [org.codehaus.groovy.grails.plugins.DefaultGrailsPluginManager] (main:) Grails plug-in [domainClass] with version [1.3.4] loaded successfully
2014-09-14 19:56:50,332 656   INFO  [org.codehaus.groovy.grails.plugins.DefaultGrailsPluginManager] (main:) Grails plug-in [mimeTypes] with version [1.3.4] loaded successfully
2014-09-14 19:56:50,338 662   INFO  [org.codehaus.groovy.grails.plugins.DefaultGrailsPluginManager] (main:) Grails plug-in [hibernate] with version [1.3.4] loaded successfully
2014-09-14 19:56:50,339 663   INFO  [org.codehaus.groovy.grails.plugins.DefaultGrailsPluginManager] (main:) Grails plug-in [validation] with version [1.3.4] loaded successfully
2014-09-14 19:56:50,339 663   INFO  [org.codehaus.groovy.grails.plugins.DefaultGrailsPluginManager] (main:) Grails plug-in [services] with version [1.3.4] loaded successfully
2014-09-14 19:56:50,339 663   INFO  [org.codehaus.groovy.grails.plugins.DefaultGrailsPluginManager] (main:) Grails plug-in [converters] with version [1.3.4] loaded successfully
2014-09-14 19:56:50,341 665   INFO  [org.codehaus.groovy.grails.plugins.DefaultGrailsPluginManager] (main:) Grails plug-in [webflow] with version [1.3.6] loaded successfully
2014-09-14 19:56:50,342 666   INFO  [org.codehaus.groovy.grails.plugins.DefaultGrailsPluginManager] (main:) Grails plug-in [cxf] with version [0.5.1] loaded successfully
2014-09-14 19:56:50,342 666   INFO  [org.codehaus.groovy.grails.plugins.DefaultGrailsPluginManager] (main:) Grails plug-in [springSecurityCore] with version [1.0.1] loaded successfully
